2019-11-21 18:21:07,005 [INFO ] main org.pytorch.serve.ModelServer - 
TS Home: /Users/dhaniram_kshirsagar/projects/neo-sagemaker/mms/code/serve
Current directory: /Users/dhaniram_kshirsagar/projects/neo-sagemaker/mms/code/serve
Temp directory: /var/folders/2d/ws7x9kss7hn999yxs2mflkf89ql4zn/T/
Number of GPUs: 0
Number of CPUs: 4
Max heap size: 1820 M
Python executable: /Users/dhaniram_kshirsagar/py_env/tvmstack/bin/python3.7
Config file: N/A
Inference address: http://127.0.0.1:8080
Management address: http://127.0.0.1:8081
Model Store: N/A
Initial Models: squeezenet=https://s3.amazonaws.com/model-server/model_archive_1.0/squeezenet_v1.1.mar
Log dir: /Users/dhaniram_kshirsagar/projects/neo-sagemaker/mms/code/serve/logs
Metrics dir: /Users/dhaniram_kshirsagar/projects/neo-sagemaker/mms/code/serve/logs
Netty threads: 0
Netty client threads: 0
Default workers per model: 4
Blacklist Regex: N/A
Maximum Response Size: 6553500
Maximum Request Size: 6553500
2019-11-21 18:21:07,011 [INFO ] main org.pytorch.serve.ModelServer - Loading initial models: https://s3.amazonaws.com/model-server/model_archive_1.0/squeezenet_v1.1.mar
2019-11-21 18:21:08,480 [INFO ] main org.pytorch.serve.archive.ModelArchive - model folder already exists: 674bbff228fdc041fadbef6f515e86dd
2019-11-21 18:21:08,501 [INFO ] main org.pytorch.serve.wlm.ModelManager - Model squeezenet loaded.
2019-11-21 18:21:08,501 [DEBUG] main org.pytorch.serve.wlm.ModelManager - updateModel: squeezenet, count: 4
2019-11-21 18:21:08,532 [INFO ] main org.pytorch.serve.ModelServer - Initialize Inference server with: KQueueServerSocketChannel.
2019-11-21 18:21:08,743 [INFO ] main org.pytorch.serve.ModelServer - Inference API bind to: http://127.0.0.1:8080
2019-11-21 18:21:08,743 [INFO ] main org.pytorch.serve.ModelServer - Initialize Management server with: KQueueServerSocketChannel.
2019-11-21 18:21:08,775 [INFO ] main org.pytorch.serve.ModelServer - Management API bind to: http://127.0.0.1:8081
2019-11-21 18:21:08,829 [WARN ] pool-2-thread-1 org.pytorch.serve.metrics.MetricCollector - worker pid is not available yet.
2019-11-21 18:21:08,915 [INFO ] W-9000-squeezenet-stdout org.pytorch.serve.wlm.WorkerLifeCycle - Listening on port: /var/folders/2d/ws7x9kss7hn999yxs2mflkf89ql4zn/T//.ts.sock.9000
2019-11-21 18:21:08,916 [INFO ] W-9000-squeezenet-stdout org.pytorch.serve.wlm.WorkerLifeCycle - [PID]61193
2019-11-21 18:21:08,916 [INFO ] W-9000-squeezenet-stdout org.pytorch.serve.wlm.WorkerLifeCycle - Torch worker started.
2019-11-21 18:21:08,917 [INFO ] W-9000-squeezenet-stdout org.pytorch.serve.wlm.WorkerLifeCycle - Python runtime: 3.7.3
2019-11-21 18:21:08,917 [DEBUG] W-9000-squeezenet org.pytorch.serve.wlm.WorkerThread - W-9000-squeezenet State change null -> WORKER_STARTED
2019-11-21 18:21:08,921 [INFO ] W-9001-squeezenet-stdout org.pytorch.serve.wlm.WorkerLifeCycle - Listening on port: /var/folders/2d/ws7x9kss7hn999yxs2mflkf89ql4zn/T//.ts.sock.9001
2019-11-21 18:21:08,922 [INFO ] W-9001-squeezenet-stdout org.pytorch.serve.wlm.WorkerLifeCycle - [PID]61194
2019-11-21 18:21:08,922 [INFO ] W-9001-squeezenet-stdout org.pytorch.serve.wlm.WorkerLifeCycle - Torch worker started.
2019-11-21 18:21:08,922 [DEBUG] W-9001-squeezenet org.pytorch.serve.wlm.WorkerThread - W-9001-squeezenet State change null -> WORKER_STARTED
2019-11-21 18:21:08,922 [INFO ] W-9001-squeezenet-stdout org.pytorch.serve.wlm.WorkerLifeCycle - Python runtime: 3.7.3
2019-11-21 18:21:08,923 [INFO ] W-9001-squeezenet org.pytorch.serve.wlm.WorkerThread - Connecting to: /var/folders/2d/ws7x9kss7hn999yxs2mflkf89ql4zn/T//.ts.sock.9001
2019-11-21 18:21:08,924 [INFO ] W-9000-squeezenet org.pytorch.serve.wlm.WorkerThread - Connecting to: /var/folders/2d/ws7x9kss7hn999yxs2mflkf89ql4zn/T//.ts.sock.9000
2019-11-21 18:21:08,926 [INFO ] W-9003-squeezenet-stdout org.pytorch.serve.wlm.WorkerLifeCycle - Listening on port: /var/folders/2d/ws7x9kss7hn999yxs2mflkf89ql4zn/T//.ts.sock.9003
2019-11-21 18:21:08,927 [INFO ] W-9003-squeezenet-stdout org.pytorch.serve.wlm.WorkerLifeCycle - [PID]61196
2019-11-21 18:21:08,928 [INFO ] W-9003-squeezenet-stdout org.pytorch.serve.wlm.WorkerLifeCycle - Torch worker started.
2019-11-21 18:21:08,928 [DEBUG] W-9003-squeezenet org.pytorch.serve.wlm.WorkerThread - W-9003-squeezenet State change null -> WORKER_STARTED
2019-11-21 18:21:08,928 [INFO ] W-9003-squeezenet org.pytorch.serve.wlm.WorkerThread - Connecting to: /var/folders/2d/ws7x9kss7hn999yxs2mflkf89ql4zn/T//.ts.sock.9003
2019-11-21 18:21:08,930 [INFO ] W-9003-squeezenet-stdout org.pytorch.serve.wlm.WorkerLifeCycle - Python runtime: 3.7.3
2019-11-21 18:21:08,936 [INFO ] W-9002-squeezenet-stdout org.pytorch.serve.wlm.WorkerLifeCycle - Listening on port: /var/folders/2d/ws7x9kss7hn999yxs2mflkf89ql4zn/T//.ts.sock.9002
2019-11-21 18:21:08,936 [INFO ] W-9002-squeezenet-stdout org.pytorch.serve.wlm.WorkerLifeCycle - [PID]61195
2019-11-21 18:21:08,936 [INFO ] W-9002-squeezenet-stdout org.pytorch.serve.wlm.WorkerLifeCycle - Torch worker started.
2019-11-21 18:21:08,936 [DEBUG] W-9002-squeezenet org.pytorch.serve.wlm.WorkerThread - W-9002-squeezenet State change null -> WORKER_STARTED
2019-11-21 18:21:08,937 [INFO ] W-9002-squeezenet org.pytorch.serve.wlm.WorkerThread - Connecting to: /var/folders/2d/ws7x9kss7hn999yxs2mflkf89ql4zn/T//.ts.sock.9002
2019-11-21 18:21:08,937 [INFO ] W-9002-squeezenet-stdout org.pytorch.serve.wlm.WorkerLifeCycle - Python runtime: 3.7.3
2019-11-21 18:21:08,944 [INFO ] W-9000-squeezenet-stdout org.pytorch.serve.wlm.WorkerLifeCycle - Connection accepted: /var/folders/2d/ws7x9kss7hn999yxs2mflkf89ql4zn/T//.ts.sock.9000.
2019-11-21 18:21:08,944 [INFO ] W-9001-squeezenet-stdout org.pytorch.serve.wlm.WorkerLifeCycle - Connection accepted: /var/folders/2d/ws7x9kss7hn999yxs2mflkf89ql4zn/T//.ts.sock.9001.
2019-11-21 18:21:08,945 [INFO ] W-9003-squeezenet-stdout org.pytorch.serve.wlm.WorkerLifeCycle - Connection accepted: /var/folders/2d/ws7x9kss7hn999yxs2mflkf89ql4zn/T//.ts.sock.9003.
2019-11-21 18:21:08,946 [INFO ] W-9002-squeezenet-stdout org.pytorch.serve.wlm.WorkerLifeCycle - Connection accepted: /var/folders/2d/ws7x9kss7hn999yxs2mflkf89ql4zn/T//.ts.sock.9002.
2019-11-21 18:21:12,770 [WARN ] W-9000-squeezenet-stderr org.pytorch.serve.wlm.WorkerLifeCycle - [18:21:12] src/nnvm/legacy_json_util.cc:209: Loading symbol saved by previous version v0.8.0. Attempting to upgrade...
2019-11-21 18:21:12,771 [WARN ] W-9003-squeezenet-stderr org.pytorch.serve.wlm.WorkerLifeCycle - [18:21:12] src/nnvm/legacy_json_util.cc:209: Loading symbol saved by previous version v0.8.0. Attempting to upgrade...
2019-11-21 18:21:12,771 [WARN ] W-9002-squeezenet-stderr org.pytorch.serve.wlm.WorkerLifeCycle - [18:21:12] src/nnvm/legacy_json_util.cc:209: Loading symbol saved by previous version v0.8.0. Attempting to upgrade...
2019-11-21 18:21:12,772 [WARN ] W-9001-squeezenet-stderr org.pytorch.serve.wlm.WorkerLifeCycle - [18:21:12] src/nnvm/legacy_json_util.cc:209: Loading symbol saved by previous version v0.8.0. Attempting to upgrade...
2019-11-21 18:21:12,776 [WARN ] W-9000-squeezenet-stderr org.pytorch.serve.wlm.WorkerLifeCycle - [18:21:12] src/nnvm/legacy_json_util.cc:217: Symbol successfully upgraded!
2019-11-21 18:21:12,776 [WARN ] W-9003-squeezenet-stderr org.pytorch.serve.wlm.WorkerLifeCycle - [18:21:12] src/nnvm/legacy_json_util.cc:217: Symbol successfully upgraded!
2019-11-21 18:21:12,776 [WARN ] W-9001-squeezenet-stderr org.pytorch.serve.wlm.WorkerLifeCycle - [18:21:12] src/nnvm/legacy_json_util.cc:217: Symbol successfully upgraded!
2019-11-21 18:21:12,777 [WARN ] W-9002-squeezenet-stderr org.pytorch.serve.wlm.WorkerLifeCycle - [18:21:12] src/nnvm/legacy_json_util.cc:217: Symbol successfully upgraded!
2019-11-21 18:21:12,869 [INFO ] W-9002-squeezenet org.pytorch.serve.wlm.WorkerThread - Backend response time: 3882
2019-11-21 18:21:12,869 [INFO ] W-9003-squeezenet org.pytorch.serve.wlm.WorkerThread - Backend response time: 3882
2019-11-21 18:21:12,869 [INFO ] W-9001-squeezenet org.pytorch.serve.wlm.WorkerThread - Backend response time: 3882
2019-11-21 18:21:12,869 [INFO ] W-9000-squeezenet org.pytorch.serve.wlm.WorkerThread - Backend response time: 3882
2019-11-21 18:21:12,870 [DEBUG] W-9002-squeezenet org.pytorch.serve.wlm.WorkerThread - W-9002-squeezenet State change WORKER_STARTED -> WORKER_MODEL_LOADED
2019-11-21 18:21:12,870 [DEBUG] W-9003-squeezenet org.pytorch.serve.wlm.WorkerThread - W-9003-squeezenet State change WORKER_STARTED -> WORKER_MODEL_LOADED
2019-11-21 18:21:12,870 [DEBUG] W-9001-squeezenet org.pytorch.serve.wlm.WorkerThread - W-9001-squeezenet State change WORKER_STARTED -> WORKER_MODEL_LOADED
2019-11-21 18:21:12,870 [DEBUG] W-9000-squeezenet org.pytorch.serve.wlm.WorkerThread - W-9000-squeezenet State change WORKER_STARTED -> WORKER_MODEL_LOADED
2019-11-21 18:21:55,736 [INFO ] W-9002-squeezenet org.pytorch.serve.wlm.WorkerThread - Backend response time: 136
2019-11-21 18:21:55,742 [DEBUG] W-9002-squeezenet org.pytorch.serve.wlm.Job - Waiting time: 0, Backend time: 144
2019-11-21 18:22:08,383 [INFO ] W-9001-squeezenet org.pytorch.serve.wlm.WorkerThread - Backend response time: 51
2019-11-21 18:22:08,384 [DEBUG] W-9001-squeezenet org.pytorch.serve.wlm.Job - Waiting time: 0, Backend time: 54
2019-11-22 12:39:57,238 [INFO ] main org.pytorch.serve.ModelServer - 
TS Home: /Users/dhaniram_kshirsagar/projects/neo-sagemaker/mms/code/serve
Current directory: /Users/dhaniram_kshirsagar/projects/neo-sagemaker/mms/code/serve
Temp directory: /var/folders/2d/ws7x9kss7hn999yxs2mflkf89ql4zn/T/
Number of GPUs: 0
Number of CPUs: 4
Max heap size: 1820 M
Python executable: /Users/dhaniram_kshirsagar/py_env/tvmstack/bin/python3.7
Config file: N/A
Inference address: http://127.0.0.1:8080
Management address: http://127.0.0.1:8081
Model Store: N/A
Initial Models: densenet161_pytorch=https://s3.amazonaws.com/model-server/model_archive_1.0/examples/PyTorch+models/densenet/densenet161_pytorch.mar
Log dir: /Users/dhaniram_kshirsagar/projects/neo-sagemaker/mms/code/serve/logs
Metrics dir: /Users/dhaniram_kshirsagar/projects/neo-sagemaker/mms/code/serve/logs
Netty threads: 0
Netty client threads: 0
Default workers per model: 4
Blacklist Regex: N/A
Maximum Response Size: 6553500
Maximum Request Size: 6553500
2019-11-22 12:39:57,250 [INFO ] main org.pytorch.serve.ModelServer - Loading initial models: https://s3.amazonaws.com/model-server/model_archive_1.0/examples/PyTorch+models/densenet/densenet161_pytorch.mar
2019-11-22 12:41:12,369 [INFO ] main org.pytorch.serve.wlm.ModelManager - Model densenet161_pytorch loaded.
2019-11-22 12:41:12,369 [DEBUG] main org.pytorch.serve.wlm.ModelManager - updateModel: densenet161_pytorch, count: 4
2019-11-22 12:41:12,400 [INFO ] main org.pytorch.serve.ModelServer - Initialize Inference server with: KQueueServerSocketChannel.
2019-11-22 12:41:12,618 [INFO ] main org.pytorch.serve.ModelServer - Inference API bind to: http://127.0.0.1:8080
2019-11-22 12:41:12,618 [INFO ] main org.pytorch.serve.ModelServer - Initialize Management server with: KQueueServerSocketChannel.
2019-11-22 12:41:12,621 [INFO ] main org.pytorch.serve.ModelServer - Management API bind to: http://127.0.0.1:8081
2019-11-22 12:41:12,634 [WARN ] pool-2-thread-1 org.pytorch.serve.metrics.MetricCollector - worker pid is not available yet.
2019-11-22 12:41:12,693 [INFO ] W-9002-densenet161_pytorch-stdout org.pytorch.serve.wlm.WorkerLifeCycle - Listening on port: /var/folders/2d/ws7x9kss7hn999yxs2mflkf89ql4zn/T//.ts.sock.9002
2019-11-22 12:41:12,695 [INFO ] W-9002-densenet161_pytorch-stdout org.pytorch.serve.wlm.WorkerLifeCycle - [PID]65610
2019-11-22 12:41:12,695 [INFO ] W-9002-densenet161_pytorch-stdout org.pytorch.serve.wlm.WorkerLifeCycle - Torch worker started.
2019-11-22 12:41:12,695 [INFO ] W-9002-densenet161_pytorch-stdout org.pytorch.serve.wlm.WorkerLifeCycle - Python runtime: 3.7.3
2019-11-22 12:41:12,696 [DEBUG] W-9002-densenet161_pytorch org.pytorch.serve.wlm.WorkerThread - W-9002-densenet161_pytorch State change null -> WORKER_STARTED
2019-11-22 12:41:12,702 [INFO ] W-9002-densenet161_pytorch org.pytorch.serve.wlm.WorkerThread - Connecting to: /var/folders/2d/ws7x9kss7hn999yxs2mflkf89ql4zn/T//.ts.sock.9002
2019-11-22 12:41:12,704 [INFO ] W-9001-densenet161_pytorch-stdout org.pytorch.serve.wlm.WorkerLifeCycle - Listening on port: /var/folders/2d/ws7x9kss7hn999yxs2mflkf89ql4zn/T//.ts.sock.9001
2019-11-22 12:41:12,705 [INFO ] W-9001-densenet161_pytorch-stdout org.pytorch.serve.wlm.WorkerLifeCycle - [PID]65609
2019-11-22 12:41:12,705 [INFO ] W-9001-densenet161_pytorch-stdout org.pytorch.serve.wlm.WorkerLifeCycle - Torch worker started.
2019-11-22 12:41:12,705 [DEBUG] W-9001-densenet161_pytorch org.pytorch.serve.wlm.WorkerThread - W-9001-densenet161_pytorch State change null -> WORKER_STARTED
2019-11-22 12:41:12,706 [INFO ] W-9001-densenet161_pytorch-stdout org.pytorch.serve.wlm.WorkerLifeCycle - Python runtime: 3.7.3
2019-11-22 12:41:12,706 [INFO ] W-9001-densenet161_pytorch org.pytorch.serve.wlm.WorkerThread - Connecting to: /var/folders/2d/ws7x9kss7hn999yxs2mflkf89ql4zn/T//.ts.sock.9001
2019-11-22 12:41:12,712 [INFO ] W-9000-densenet161_pytorch-stdout org.pytorch.serve.wlm.WorkerLifeCycle - Listening on port: /var/folders/2d/ws7x9kss7hn999yxs2mflkf89ql4zn/T//.ts.sock.9000
2019-11-22 12:41:12,713 [INFO ] W-9003-densenet161_pytorch-stdout org.pytorch.serve.wlm.WorkerLifeCycle - Listening on port: /var/folders/2d/ws7x9kss7hn999yxs2mflkf89ql4zn/T//.ts.sock.9003
2019-11-22 12:41:12,714 [INFO ] W-9000-densenet161_pytorch-stdout org.pytorch.serve.wlm.WorkerLifeCycle - [PID]65611
2019-11-22 12:41:12,714 [INFO ] W-9000-densenet161_pytorch-stdout org.pytorch.serve.wlm.WorkerLifeCycle - Torch worker started.
2019-11-22 12:41:12,714 [DEBUG] W-9000-densenet161_pytorch org.pytorch.serve.wlm.WorkerThread - W-9000-densenet161_pytorch State change null -> WORKER_STARTED
2019-11-22 12:41:12,714 [INFO ] W-9000-densenet161_pytorch org.pytorch.serve.wlm.WorkerThread - Connecting to: /var/folders/2d/ws7x9kss7hn999yxs2mflkf89ql4zn/T//.ts.sock.9000
2019-11-22 12:41:12,725 [INFO ] W-9003-densenet161_pytorch-stdout org.pytorch.serve.wlm.WorkerLifeCycle - [PID]65612
2019-11-22 12:41:12,726 [INFO ] W-9003-densenet161_pytorch-stdout org.pytorch.serve.wlm.WorkerLifeCycle - Torch worker started.
2019-11-22 12:41:12,726 [INFO ] W-9003-densenet161_pytorch-stdout org.pytorch.serve.wlm.WorkerLifeCycle - Python runtime: 3.7.3
2019-11-22 12:41:12,725 [INFO ] W-9000-densenet161_pytorch-stdout org.pytorch.serve.wlm.WorkerLifeCycle - Python runtime: 3.7.3
2019-11-22 12:41:12,726 [DEBUG] W-9003-densenet161_pytorch org.pytorch.serve.wlm.WorkerThread - W-9003-densenet161_pytorch State change null -> WORKER_STARTED
2019-11-22 12:41:12,727 [INFO ] W-9003-densenet161_pytorch org.pytorch.serve.wlm.WorkerThread - Connecting to: /var/folders/2d/ws7x9kss7hn999yxs2mflkf89ql4zn/T//.ts.sock.9003
2019-11-22 12:41:12,738 [INFO ] W-9003-densenet161_pytorch-stdout org.pytorch.serve.wlm.WorkerLifeCycle - Connection accepted: /var/folders/2d/ws7x9kss7hn999yxs2mflkf89ql4zn/T//.ts.sock.9003.
2019-11-22 12:41:12,742 [INFO ] W-9002-densenet161_pytorch-stdout org.pytorch.serve.wlm.WorkerLifeCycle - Connection accepted: /var/folders/2d/ws7x9kss7hn999yxs2mflkf89ql4zn/T//.ts.sock.9002.
2019-11-22 12:41:12,743 [INFO ] W-9000-densenet161_pytorch-stdout org.pytorch.serve.wlm.WorkerLifeCycle - Connection accepted: /var/folders/2d/ws7x9kss7hn999yxs2mflkf89ql4zn/T//.ts.sock.9000.
2019-11-22 12:41:12,743 [INFO ] W-9001-densenet161_pytorch-stdout org.pytorch.serve.wlm.WorkerLifeCycle - Connection accepted: /var/folders/2d/ws7x9kss7hn999yxs2mflkf89ql4zn/T//.ts.sock.9001.
2019-11-22 12:41:19,269 [INFO ] W-9002-densenet161_pytorch org.pytorch.serve.wlm.WorkerThread - Backend response time: 6480
2019-11-22 12:41:19,269 [INFO ] W-9000-densenet161_pytorch org.pytorch.serve.wlm.WorkerThread - Backend response time: 6481
2019-11-22 12:41:19,269 [INFO ] W-9003-densenet161_pytorch org.pytorch.serve.wlm.WorkerThread - Backend response time: 6481
2019-11-22 12:41:19,273 [DEBUG] W-9000-densenet161_pytorch org.pytorch.serve.wlm.WorkerThread - W-9000-densenet161_pytorch State change WORKER_STARTED -> WORKER_MODEL_LOADED
2019-11-22 12:41:19,273 [DEBUG] W-9003-densenet161_pytorch org.pytorch.serve.wlm.WorkerThread - W-9003-densenet161_pytorch State change WORKER_STARTED -> WORKER_MODEL_LOADED
2019-11-22 12:41:19,273 [DEBUG] W-9002-densenet161_pytorch org.pytorch.serve.wlm.WorkerThread - W-9002-densenet161_pytorch State change WORKER_STARTED -> WORKER_MODEL_LOADED
2019-11-22 12:41:19,279 [INFO ] W-9001-densenet161_pytorch org.pytorch.serve.wlm.WorkerThread - Backend response time: 6492
2019-11-22 12:41:19,280 [DEBUG] W-9001-densenet161_pytorch org.pytorch.serve.wlm.WorkerThread - W-9001-densenet161_pytorch State change WORKER_STARTED -> WORKER_MODEL_LOADED
2019-11-22 12:42:58,227 [INFO ] W-9000-densenet161_pytorch-stdout org.pytorch.serve.wlm.WorkerLifeCycle - Invoking custom service failed.
2019-11-22 12:42:58,228 [INFO ] W-9000-densenet161_pytorch-stdout org.pytorch.serve.wlm.WorkerLifeCycle - Traceback (most recent call last):
2019-11-22 12:42:58,228 [INFO ] W-9000-densenet161_pytorch-stdout org.pytorch.serve.wlm.WorkerLifeCycle -   File "/Users/dhaniram_kshirsagar/projects/neo-sagemaker/mms/code/serve/ts/service.py", line 100, in predict
2019-11-22 12:42:58,229 [INFO ] W-9000-densenet161_pytorch-stdout org.pytorch.serve.wlm.WorkerLifeCycle -     ret = self._entry_point(input_batch, self.context)
2019-11-22 12:42:58,229 [INFO ] W-9000-densenet161_pytorch org.pytorch.serve.wlm.WorkerThread - Backend response time: 203
2019-11-22 12:42:58,229 [INFO ] W-9000-densenet161_pytorch-stdout org.pytorch.serve.wlm.WorkerLifeCycle -   File "/private/var/folders/2d/ws7x9kss7hn999yxs2mflkf89ql4zn/T/models/0bf493c26082a518a6c373b1b21d729c-25/densenet_service.py", line 134, in handle
2019-11-22 12:42:58,229 [INFO ] W-9000-densenet161_pytorch-stdout org.pytorch.serve.wlm.WorkerLifeCycle -     data = _service.inference(data)
2019-11-22 12:42:58,229 [INFO ] W-9000-densenet161_pytorch-stdout org.pytorch.serve.wlm.WorkerLifeCycle -   File "/private/var/folders/2d/ws7x9kss7hn999yxs2mflkf89ql4zn/T/models/0bf493c26082a518a6c373b1b21d729c-25/densenet_service.py", line 104, in inference
2019-11-22 12:42:58,230 [INFO ] W-9000-densenet161_pytorch-stdout org.pytorch.serve.wlm.WorkerLifeCycle -     logits = self.model.forward(inputs)
2019-11-22 12:42:58,230 [INFO ] W-9000-densenet161_pytorch-stdout org.pytorch.serve.wlm.WorkerLifeCycle -   File "/Users/dhaniram_kshirsagar/py_env/tvmstack/lib/python3.7/site-packages/torchvision/models/densenet.py", line 155, in forward
2019-11-22 12:42:58,230 [INFO ] W-9000-densenet161_pytorch-stdout org.pytorch.serve.wlm.WorkerLifeCycle -     features = self.features(x)
2019-11-22 12:42:58,231 [INFO ] W-9000-densenet161_pytorch-stdout org.pytorch.serve.wlm.WorkerLifeCycle -   File "/Users/dhaniram_kshirsagar/py_env/tvmstack/lib/python3.7/site-packages/torch/nn/modules/module.py", line 541, in __call__
2019-11-22 12:42:58,231 [INFO ] W-9000-densenet161_pytorch-stdout org.pytorch.serve.wlm.WorkerLifeCycle -     result = self.forward(*input, **kwargs)
2019-11-22 12:42:58,231 [INFO ] W-9000-densenet161_pytorch-stdout org.pytorch.serve.wlm.WorkerLifeCycle -   File "/Users/dhaniram_kshirsagar/py_env/tvmstack/lib/python3.7/site-packages/torch/nn/modules/container.py", line 92, in forward
2019-11-22 12:42:58,231 [INFO ] W-9000-densenet161_pytorch-stdout org.pytorch.serve.wlm.WorkerLifeCycle -     input = module(input)
2019-11-22 12:42:58,231 [INFO ] W-9000-densenet161_pytorch-stdout org.pytorch.serve.wlm.WorkerLifeCycle -   File "/Users/dhaniram_kshirsagar/py_env/tvmstack/lib/python3.7/site-packages/torch/nn/modules/module.py", line 541, in __call__
2019-11-22 12:42:58,232 [INFO ] W-9000-densenet161_pytorch-stdout org.pytorch.serve.wlm.WorkerLifeCycle -     result = self.forward(*input, **kwargs)
2019-11-22 12:42:58,232 [INFO ] W-9000-densenet161_pytorch-stdout org.pytorch.serve.wlm.WorkerLifeCycle -   File "/Users/dhaniram_kshirsagar/py_env/tvmstack/lib/python3.7/site-packages/torchvision/models/densenet.py", line 74, in forward
2019-11-22 12:42:58,232 [INFO ] W-9000-densenet161_pytorch-stdout org.pytorch.serve.wlm.WorkerLifeCycle -     new_features = layer(*features)
2019-11-22 12:42:58,232 [INFO ] W-9000-densenet161_pytorch-stdout org.pytorch.serve.wlm.WorkerLifeCycle -   File "/Users/dhaniram_kshirsagar/py_env/tvmstack/lib/python3.7/site-packages/torch/nn/modules/module.py", line 541, in __call__
2019-11-22 12:42:58,232 [INFO ] W-9000-densenet161_pytorch-stdout org.pytorch.serve.wlm.WorkerLifeCycle -     result = self.forward(*input, **kwargs)
2019-11-22 12:42:58,233 [INFO ] W-9000-densenet161_pytorch-stdout org.pytorch.serve.wlm.WorkerLifeCycle -   File "/Users/dhaniram_kshirsagar/py_env/tvmstack/lib/python3.7/site-packages/torchvision/models/densenet.py", line 47, in forward
2019-11-22 12:42:58,233 [INFO ] W-9000-densenet161_pytorch-stdout org.pytorch.serve.wlm.WorkerLifeCycle -     if self.memory_efficient and any(prev_feature.requires_grad for prev_feature in prev_features):
2019-11-22 12:42:58,234 [INFO ] W-9000-densenet161_pytorch-stdout org.pytorch.serve.wlm.WorkerLifeCycle -   File "/Users/dhaniram_kshirsagar/py_env/tvmstack/lib/python3.7/site-packages/torch/nn/modules/module.py", line 585, in __getattr__
2019-11-22 12:42:58,234 [INFO ] W-9000-densenet161_pytorch-stdout org.pytorch.serve.wlm.WorkerLifeCycle -     type(self).__name__, name))
2019-11-22 12:42:58,234 [INFO ] W-9000-densenet161_pytorch-stdout org.pytorch.serve.wlm.WorkerLifeCycle - AttributeError: '_DenseLayer' object has no attribute 'memory_efficient'
2019-11-22 12:42:58,251 [DEBUG] W-9000-densenet161_pytorch org.pytorch.serve.wlm.Job - Waiting time: 1, Inference time: 227
2019-11-22 12:43:48,158 [INFO ] W-9003-densenet161_pytorch-stdout org.pytorch.serve.wlm.WorkerLifeCycle - Invoking custom service failed.
2019-11-22 12:43:48,159 [INFO ] W-9003-densenet161_pytorch-stdout org.pytorch.serve.wlm.WorkerLifeCycle - Traceback (most recent call last):
2019-11-22 12:43:48,158 [INFO ] W-9003-densenet161_pytorch org.pytorch.serve.wlm.WorkerThread - Backend response time: 122
2019-11-22 12:43:48,159 [INFO ] W-9003-densenet161_pytorch-stdout org.pytorch.serve.wlm.WorkerLifeCycle -   File "/Users/dhaniram_kshirsagar/projects/neo-sagemaker/mms/code/serve/ts/service.py", line 100, in predict
2019-11-22 12:43:48,159 [INFO ] W-9003-densenet161_pytorch-stdout org.pytorch.serve.wlm.WorkerLifeCycle -     ret = self._entry_point(input_batch, self.context)
2019-11-22 12:43:48,159 [INFO ] W-9003-densenet161_pytorch-stdout org.pytorch.serve.wlm.WorkerLifeCycle -   File "/private/var/folders/2d/ws7x9kss7hn999yxs2mflkf89ql4zn/T/models/0bf493c26082a518a6c373b1b21d729c-25/densenet_service.py", line 134, in handle
2019-11-22 12:43:48,160 [INFO ] W-9003-densenet161_pytorch-stdout org.pytorch.serve.wlm.WorkerLifeCycle -     data = _service.inference(data)
2019-11-22 12:43:48,160 [INFO ] W-9003-densenet161_pytorch-stdout org.pytorch.serve.wlm.WorkerLifeCycle -   File "/private/var/folders/2d/ws7x9kss7hn999yxs2mflkf89ql4zn/T/models/0bf493c26082a518a6c373b1b21d729c-25/densenet_service.py", line 104, in inference
2019-11-22 12:43:48,160 [INFO ] W-9003-densenet161_pytorch-stdout org.pytorch.serve.wlm.WorkerLifeCycle -     logits = self.model.forward(inputs)
2019-11-22 12:43:48,161 [INFO ] W-9003-densenet161_pytorch-stdout org.pytorch.serve.wlm.WorkerLifeCycle -   File "/Users/dhaniram_kshirsagar/py_env/tvmstack/lib/python3.7/site-packages/torchvision/models/densenet.py", line 155, in forward
2019-11-22 12:43:48,161 [INFO ] W-9003-densenet161_pytorch-stdout org.pytorch.serve.wlm.WorkerLifeCycle -     features = self.features(x)
2019-11-22 12:43:48,161 [INFO ] W-9003-densenet161_pytorch-stdout org.pytorch.serve.wlm.WorkerLifeCycle -   File "/Users/dhaniram_kshirsagar/py_env/tvmstack/lib/python3.7/site-packages/torch/nn/modules/module.py", line 541, in __call__
2019-11-22 12:43:48,164 [INFO ] W-9003-densenet161_pytorch-stdout org.pytorch.serve.wlm.WorkerLifeCycle -     result = self.forward(*input, **kwargs)
2019-11-22 12:43:48,164 [INFO ] W-9003-densenet161_pytorch-stdout org.pytorch.serve.wlm.WorkerLifeCycle -   File "/Users/dhaniram_kshirsagar/py_env/tvmstack/lib/python3.7/site-packages/torch/nn/modules/container.py", line 92, in forward
2019-11-22 12:43:48,165 [INFO ] W-9003-densenet161_pytorch-stdout org.pytorch.serve.wlm.WorkerLifeCycle -     input = module(input)
2019-11-22 12:43:48,165 [INFO ] W-9003-densenet161_pytorch-stdout org.pytorch.serve.wlm.WorkerLifeCycle -   File "/Users/dhaniram_kshirsagar/py_env/tvmstack/lib/python3.7/site-packages/torch/nn/modules/module.py", line 541, in __call__
2019-11-22 12:43:48,167 [INFO ] W-9003-densenet161_pytorch-stdout org.pytorch.serve.wlm.WorkerLifeCycle -     result = self.forward(*input, **kwargs)
2019-11-22 12:43:48,167 [INFO ] W-9003-densenet161_pytorch-stdout org.pytorch.serve.wlm.WorkerLifeCycle -   File "/Users/dhaniram_kshirsagar/py_env/tvmstack/lib/python3.7/site-packages/torchvision/models/densenet.py", line 74, in forward
2019-11-22 12:43:48,167 [INFO ] W-9003-densenet161_pytorch-stdout org.pytorch.serve.wlm.WorkerLifeCycle -     new_features = layer(*features)
2019-11-22 12:43:48,167 [INFO ] W-9003-densenet161_pytorch-stdout org.pytorch.serve.wlm.WorkerLifeCycle -   File "/Users/dhaniram_kshirsagar/py_env/tvmstack/lib/python3.7/site-packages/torch/nn/modules/module.py", line 541, in __call__
2019-11-22 12:43:48,167 [INFO ] W-9003-densenet161_pytorch-stdout org.pytorch.serve.wlm.WorkerLifeCycle -     result = self.forward(*input, **kwargs)
2019-11-22 12:43:48,162 [DEBUG] W-9003-densenet161_pytorch org.pytorch.serve.wlm.Job - Waiting time: 0, Inference time: 127
2019-11-22 12:43:48,171 [INFO ] W-9003-densenet161_pytorch-stdout org.pytorch.serve.wlm.WorkerLifeCycle -   File "/Users/dhaniram_kshirsagar/py_env/tvmstack/lib/python3.7/site-packages/torchvision/models/densenet.py", line 47, in forward
2019-11-22 12:43:48,172 [INFO ] W-9003-densenet161_pytorch-stdout org.pytorch.serve.wlm.WorkerLifeCycle -     if self.memory_efficient and any(prev_feature.requires_grad for prev_feature in prev_features):
2019-11-22 12:43:48,172 [INFO ] W-9003-densenet161_pytorch-stdout org.pytorch.serve.wlm.WorkerLifeCycle -   File "/Users/dhaniram_kshirsagar/py_env/tvmstack/lib/python3.7/site-packages/torch/nn/modules/module.py", line 585, in __getattr__
2019-11-22 12:43:48,172 [INFO ] W-9003-densenet161_pytorch-stdout org.pytorch.serve.wlm.WorkerLifeCycle -     type(self).__name__, name))
2019-11-22 12:43:48,172 [INFO ] W-9003-densenet161_pytorch-stdout org.pytorch.serve.wlm.WorkerLifeCycle - AttributeError: '_DenseLayer' object has no attribute 'memory_efficient'
2019-11-22 12:47:44,928 [INFO ] main org.pytorch.serve.ModelServer - 
TS Home: /Users/dhaniram_kshirsagar/projects/neo-sagemaker/mms/code/serve
Current directory: /Users/dhaniram_kshirsagar/projects/neo-sagemaker/mms/code/serve
Temp directory: /var/folders/2d/ws7x9kss7hn999yxs2mflkf89ql4zn/T/
Number of GPUs: 0
Number of CPUs: 4
Max heap size: 1820 M
Python executable: /Users/dhaniram_kshirsagar/py_env/tvmstack/bin/python3.7
Config file: N/A
Inference address: http://127.0.0.1:8080
Management address: http://127.0.0.1:8081
Model Store: N/A
Initial Models: densenet161_pytorch=https://s3.amazonaws.com/model-server/model_archive_1.0/examples/PyTorch+models/densenet/densenet161_pytorch.mar
Log dir: /Users/dhaniram_kshirsagar/projects/neo-sagemaker/mms/code/serve/logs
Metrics dir: /Users/dhaniram_kshirsagar/projects/neo-sagemaker/mms/code/serve/logs
Netty threads: 0
Netty client threads: 0
Default workers per model: 4
Blacklist Regex: N/A
Maximum Response Size: 6553500
Maximum Request Size: 6553500
2019-11-22 12:47:44,934 [INFO ] main org.pytorch.serve.ModelServer - Loading initial models: https://s3.amazonaws.com/model-server/model_archive_1.0/examples/PyTorch+models/densenet/densenet161_pytorch.mar
2019-11-22 12:47:46,499 [INFO ] main org.pytorch.serve.archive.ModelArchive - model folder already exists: 0bf493c26082a518a6c373b1b21d729c-25
2019-11-22 12:47:46,518 [INFO ] main org.pytorch.serve.wlm.ModelManager - Model densenet161_pytorch loaded.
2019-11-22 12:47:46,518 [DEBUG] main org.pytorch.serve.wlm.ModelManager - updateModel: densenet161_pytorch, count: 4
2019-11-22 12:47:46,545 [INFO ] main org.pytorch.serve.ModelServer - Initialize Inference server with: KQueueServerSocketChannel.
2019-11-22 12:47:46,733 [INFO ] main org.pytorch.serve.ModelServer - Inference API bind to: http://127.0.0.1:8080
2019-11-22 12:47:46,734 [INFO ] main org.pytorch.serve.ModelServer - Initialize Management server with: KQueueServerSocketChannel.
2019-11-22 12:47:46,735 [INFO ] main org.pytorch.serve.ModelServer - Management API bind to: http://127.0.0.1:8081
2019-11-22 12:47:46,747 [WARN ] pool-2-thread-1 org.pytorch.serve.metrics.MetricCollector - worker pid is not available yet.
2019-11-22 12:47:46,866 [INFO ] W-9001-densenet161_pytorch-stdout org.pytorch.serve.wlm.WorkerLifeCycle - Listening on port: /var/folders/2d/ws7x9kss7hn999yxs2mflkf89ql4zn/T//.ts.sock.9001
2019-11-22 12:47:46,867 [INFO ] W-9001-densenet161_pytorch-stdout org.pytorch.serve.wlm.WorkerLifeCycle - [PID]65770
2019-11-22 12:47:46,867 [INFO ] W-9001-densenet161_pytorch-stdout org.pytorch.serve.wlm.WorkerLifeCycle - Torch worker started.
2019-11-22 12:47:46,868 [INFO ] W-9001-densenet161_pytorch-stdout org.pytorch.serve.wlm.WorkerLifeCycle - Python runtime: 3.7.3
2019-11-22 12:47:46,868 [DEBUG] W-9001-densenet161_pytorch org.pytorch.serve.wlm.WorkerThread - W-9001-densenet161_pytorch State change null -> WORKER_STARTED
2019-11-22 12:47:46,872 [INFO ] W-9001-densenet161_pytorch org.pytorch.serve.wlm.WorkerThread - Connecting to: /var/folders/2d/ws7x9kss7hn999yxs2mflkf89ql4zn/T//.ts.sock.9001
2019-11-22 12:47:46,879 [INFO ] W-9000-densenet161_pytorch-stdout org.pytorch.serve.wlm.WorkerLifeCycle - Listening on port: /var/folders/2d/ws7x9kss7hn999yxs2mflkf89ql4zn/T//.ts.sock.9000
2019-11-22 12:47:46,884 [INFO ] W-9000-densenet161_pytorch-stdout org.pytorch.serve.wlm.WorkerLifeCycle - [PID]65769
2019-11-22 12:47:46,885 [INFO ] W-9000-densenet161_pytorch-stdout org.pytorch.serve.wlm.WorkerLifeCycle - Torch worker started.
2019-11-22 12:47:46,885 [DEBUG] W-9000-densenet161_pytorch org.pytorch.serve.wlm.WorkerThread - W-9000-densenet161_pytorch State change null -> WORKER_STARTED
2019-11-22 12:47:46,885 [INFO ] W-9000-densenet161_pytorch-stdout org.pytorch.serve.wlm.WorkerLifeCycle - Python runtime: 3.7.3
2019-11-22 12:47:46,885 [INFO ] W-9000-densenet161_pytorch org.pytorch.serve.wlm.WorkerThread - Connecting to: /var/folders/2d/ws7x9kss7hn999yxs2mflkf89ql4zn/T//.ts.sock.9000
2019-11-22 12:47:46,892 [INFO ] W-9000-densenet161_pytorch-stdout org.pytorch.serve.wlm.WorkerLifeCycle - Connection accepted: /var/folders/2d/ws7x9kss7hn999yxs2mflkf89ql4zn/T//.ts.sock.9000.
2019-11-22 12:47:46,894 [INFO ] W-9002-densenet161_pytorch-stdout org.pytorch.serve.wlm.WorkerLifeCycle - Listening on port: /var/folders/2d/ws7x9kss7hn999yxs2mflkf89ql4zn/T//.ts.sock.9002
2019-11-22 12:47:46,894 [INFO ] W-9002-densenet161_pytorch-stdout org.pytorch.serve.wlm.WorkerLifeCycle - [PID]65771
2019-11-22 12:47:46,909 [INFO ] W-9002-densenet161_pytorch-stdout org.pytorch.serve.wlm.WorkerLifeCycle - Torch worker started.
2019-11-22 12:47:46,909 [DEBUG] W-9002-densenet161_pytorch org.pytorch.serve.wlm.WorkerThread - W-9002-densenet161_pytorch State change null -> WORKER_STARTED
2019-11-22 12:47:46,909 [INFO ] W-9002-densenet161_pytorch-stdout org.pytorch.serve.wlm.WorkerLifeCycle - Python runtime: 3.7.3
2019-11-22 12:47:46,909 [INFO ] W-9002-densenet161_pytorch org.pytorch.serve.wlm.WorkerThread - Connecting to: /var/folders/2d/ws7x9kss7hn999yxs2mflkf89ql4zn/T//.ts.sock.9002
2019-11-22 12:47:46,915 [INFO ] W-9001-densenet161_pytorch-stdout org.pytorch.serve.wlm.WorkerLifeCycle - Connection accepted: /var/folders/2d/ws7x9kss7hn999yxs2mflkf89ql4zn/T//.ts.sock.9001.
2019-11-22 12:47:46,917 [INFO ] W-9002-densenet161_pytorch-stdout org.pytorch.serve.wlm.WorkerLifeCycle - Connection accepted: /var/folders/2d/ws7x9kss7hn999yxs2mflkf89ql4zn/T//.ts.sock.9002.
2019-11-22 12:47:46,921 [INFO ] W-9003-densenet161_pytorch-stdout org.pytorch.serve.wlm.WorkerLifeCycle - Listening on port: /var/folders/2d/ws7x9kss7hn999yxs2mflkf89ql4zn/T//.ts.sock.9003
2019-11-22 12:47:46,923 [INFO ] W-9003-densenet161_pytorch-stdout org.pytorch.serve.wlm.WorkerLifeCycle - [PID]65768
2019-11-22 12:47:46,924 [INFO ] W-9003-densenet161_pytorch-stdout org.pytorch.serve.wlm.WorkerLifeCycle - Torch worker started.
2019-11-22 12:47:46,924 [DEBUG] W-9003-densenet161_pytorch org.pytorch.serve.wlm.WorkerThread - W-9003-densenet161_pytorch State change null -> WORKER_STARTED
2019-11-22 12:47:46,924 [INFO ] W-9003-densenet161_pytorch org.pytorch.serve.wlm.WorkerThread - Connecting to: /var/folders/2d/ws7x9kss7hn999yxs2mflkf89ql4zn/T//.ts.sock.9003
2019-11-22 12:47:46,927 [INFO ] W-9003-densenet161_pytorch-stdout org.pytorch.serve.wlm.WorkerLifeCycle - Python runtime: 3.7.3
2019-11-22 12:47:46,928 [INFO ] W-9003-densenet161_pytorch-stdout org.pytorch.serve.wlm.WorkerLifeCycle - Connection accepted: /var/folders/2d/ws7x9kss7hn999yxs2mflkf89ql4zn/T//.ts.sock.9003.
2019-11-22 12:47:49,499 [INFO ] W-9001-densenet161_pytorch org.pytorch.serve.wlm.WorkerThread - Backend response time: 2572
2019-11-22 12:47:49,499 [INFO ] W-9002-densenet161_pytorch org.pytorch.serve.wlm.WorkerThread - Backend response time: 2573
2019-11-22 12:47:49,500 [DEBUG] W-9001-densenet161_pytorch org.pytorch.serve.wlm.WorkerThread - W-9001-densenet161_pytorch State change WORKER_STARTED -> WORKER_MODEL_LOADED
2019-11-22 12:47:49,500 [DEBUG] W-9002-densenet161_pytorch org.pytorch.serve.wlm.WorkerThread - W-9002-densenet161_pytorch State change WORKER_STARTED -> WORKER_MODEL_LOADED
2019-11-22 12:47:49,507 [INFO ] W-9003-densenet161_pytorch org.pytorch.serve.wlm.WorkerThread - Backend response time: 2581
2019-11-22 12:47:49,507 [DEBUG] W-9003-densenet161_pytorch org.pytorch.serve.wlm.WorkerThread - W-9003-densenet161_pytorch State change WORKER_STARTED -> WORKER_MODEL_LOADED
2019-11-22 12:47:49,526 [INFO ] W-9000-densenet161_pytorch org.pytorch.serve.wlm.WorkerThread - Backend response time: 2600
2019-11-22 12:47:49,526 [DEBUG] W-9000-densenet161_pytorch org.pytorch.serve.wlm.WorkerThread - W-9000-densenet161_pytorch State change WORKER_STARTED -> WORKER_MODEL_LOADED
2019-11-22 12:47:56,577 [INFO ] W-9001-densenet161_pytorch-stdout org.pytorch.serve.wlm.WorkerLifeCycle - Invoking custom service failed.
2019-11-22 12:47:56,577 [INFO ] W-9001-densenet161_pytorch-stdout org.pytorch.serve.wlm.WorkerLifeCycle - Traceback (most recent call last):
2019-11-22 12:47:56,577 [INFO ] W-9001-densenet161_pytorch-stdout org.pytorch.serve.wlm.WorkerLifeCycle -   File "/Users/dhaniram_kshirsagar/projects/neo-sagemaker/mms/code/serve/ts/service.py", line 100, in predict
2019-11-22 12:47:56,578 [INFO ] W-9001-densenet161_pytorch-stdout org.pytorch.serve.wlm.WorkerLifeCycle -     ret = self._entry_point(input_batch, self.context)
2019-11-22 12:47:56,578 [INFO ] W-9001-densenet161_pytorch-stdout org.pytorch.serve.wlm.WorkerLifeCycle -   File "/private/var/folders/2d/ws7x9kss7hn999yxs2mflkf89ql4zn/T/models/0bf493c26082a518a6c373b1b21d729c-25/densenet_service.py", line 134, in handle
2019-11-22 12:47:56,578 [INFO ] W-9001-densenet161_pytorch-stdout org.pytorch.serve.wlm.WorkerLifeCycle -     data = _service.inference(data)
2019-11-22 12:47:56,579 [INFO ] W-9001-densenet161_pytorch-stdout org.pytorch.serve.wlm.WorkerLifeCycle -   File "/private/var/folders/2d/ws7x9kss7hn999yxs2mflkf89ql4zn/T/models/0bf493c26082a518a6c373b1b21d729c-25/densenet_service.py", line 104, in inference
2019-11-22 12:47:56,579 [INFO ] W-9001-densenet161_pytorch org.pytorch.serve.wlm.WorkerThread - Backend response time: 76
2019-11-22 12:47:56,579 [INFO ] W-9001-densenet161_pytorch-stdout org.pytorch.serve.wlm.WorkerLifeCycle -     logits = self.model.forward(inputs)
2019-11-22 12:47:56,579 [INFO ] W-9001-densenet161_pytorch-stdout org.pytorch.serve.wlm.WorkerLifeCycle -   File "/Users/dhaniram_kshirsagar/py_env/tvmstack/lib/python3.7/site-packages/torchvision/models/densenet.py", line 155, in forward
2019-11-22 12:47:56,580 [INFO ] W-9001-densenet161_pytorch-stdout org.pytorch.serve.wlm.WorkerLifeCycle -     features = self.features(x)
2019-11-22 12:47:56,580 [INFO ] W-9001-densenet161_pytorch-stdout org.pytorch.serve.wlm.WorkerLifeCycle -   File "/Users/dhaniram_kshirsagar/py_env/tvmstack/lib/python3.7/site-packages/torch/nn/modules/module.py", line 541, in __call__
2019-11-22 12:47:56,580 [INFO ] W-9001-densenet161_pytorch-stdout org.pytorch.serve.wlm.WorkerLifeCycle -     result = self.forward(*input, **kwargs)
2019-11-22 12:47:56,580 [INFO ] W-9001-densenet161_pytorch-stdout org.pytorch.serve.wlm.WorkerLifeCycle -   File "/Users/dhaniram_kshirsagar/py_env/tvmstack/lib/python3.7/site-packages/torch/nn/modules/container.py", line 92, in forward
2019-11-22 12:47:56,580 [INFO ] W-9001-densenet161_pytorch-stdout org.pytorch.serve.wlm.WorkerLifeCycle -     input = module(input)
2019-11-22 12:47:56,581 [INFO ] W-9001-densenet161_pytorch-stdout org.pytorch.serve.wlm.WorkerLifeCycle -   File "/Users/dhaniram_kshirsagar/py_env/tvmstack/lib/python3.7/site-packages/torch/nn/modules/module.py", line 541, in __call__
2019-11-22 12:47:56,581 [INFO ] W-9001-densenet161_pytorch-stdout org.pytorch.serve.wlm.WorkerLifeCycle -     result = self.forward(*input, **kwargs)
2019-11-22 12:47:56,581 [INFO ] W-9001-densenet161_pytorch-stdout org.pytorch.serve.wlm.WorkerLifeCycle -   File "/Users/dhaniram_kshirsagar/py_env/tvmstack/lib/python3.7/site-packages/torchvision/models/densenet.py", line 74, in forward
2019-11-22 12:47:56,582 [INFO ] W-9001-densenet161_pytorch-stdout org.pytorch.serve.wlm.WorkerLifeCycle -     new_features = layer(*features)
2019-11-22 12:47:56,582 [INFO ] W-9001-densenet161_pytorch-stdout org.pytorch.serve.wlm.WorkerLifeCycle -   File "/Users/dhaniram_kshirsagar/py_env/tvmstack/lib/python3.7/site-packages/torch/nn/modules/module.py", line 541, in __call__
2019-11-22 12:47:56,582 [INFO ] W-9001-densenet161_pytorch-stdout org.pytorch.serve.wlm.WorkerLifeCycle -     result = self.forward(*input, **kwargs)
2019-11-22 12:47:56,582 [INFO ] W-9001-densenet161_pytorch-stdout org.pytorch.serve.wlm.WorkerLifeCycle -   File "/Users/dhaniram_kshirsagar/py_env/tvmstack/lib/python3.7/site-packages/torchvision/models/densenet.py", line 47, in forward
2019-11-22 12:47:56,582 [INFO ] W-9001-densenet161_pytorch-stdout org.pytorch.serve.wlm.WorkerLifeCycle -     if self.memory_efficient and any(prev_feature.requires_grad for prev_feature in prev_features):
2019-11-22 12:47:56,583 [INFO ] W-9001-densenet161_pytorch-stdout org.pytorch.serve.wlm.WorkerLifeCycle -   File "/Users/dhaniram_kshirsagar/py_env/tvmstack/lib/python3.7/site-packages/torch/nn/modules/module.py", line 585, in __getattr__
2019-11-22 12:47:56,583 [INFO ] W-9001-densenet161_pytorch-stdout org.pytorch.serve.wlm.WorkerLifeCycle -     type(self).__name__, name))
2019-11-22 12:47:56,583 [INFO ] W-9001-densenet161_pytorch-stdout org.pytorch.serve.wlm.WorkerLifeCycle - AttributeError: '_DenseLayer' object has no attribute 'memory_efficient'
2019-11-22 12:47:56,591 [DEBUG] W-9001-densenet161_pytorch org.pytorch.serve.wlm.Job - Waiting time: 0, Inference time: 90
