2024-02-21T22:34:52,975 - CPUUtilization.Percent:0.0|#Level:Host|#hostname:ip-172-31-11-32,timestamp:1708554892
2024-02-21T22:34:52,977 - DiskAvailable.Gigabytes:343.5322265625|#Level:Host|#hostname:ip-172-31-11-32,timestamp:1708554892
2024-02-21T22:34:52,978 - DiskUsage.Gigabytes:44.13956069946289|#Level:Host|#hostname:ip-172-31-11-32,timestamp:1708554892
2024-02-21T22:34:52,979 - DiskUtilization.Percent:11.4|#Level:Host|#hostname:ip-172-31-11-32,timestamp:1708554892
2024-02-21T22:34:52,979 - GPUMemoryUtilization.Percent:0.0|#Level:Host,DeviceId:0|#hostname:ip-172-31-11-32,timestamp:1708554892
2024-02-21T22:34:52,980 - GPUMemoryUsed.Megabytes:0.0|#Level:Host,DeviceId:0|#hostname:ip-172-31-11-32,timestamp:1708554892
2024-02-21T22:34:52,980 - GPUUtilization.Percent:0.0|#Level:Host,DeviceId:0|#hostname:ip-172-31-11-32,timestamp:1708554892
2024-02-21T22:34:52,981 - MemoryAvailable.Megabytes:13363.5078125|#Level:Host|#hostname:ip-172-31-11-32,timestamp:1708554892
2024-02-21T22:34:52,981 - MemoryUsed.Megabytes:2002.59765625|#Level:Host|#hostname:ip-172-31-11-32,timestamp:1708554892
2024-02-21T22:34:52,982 - MemoryUtilization.Percent:14.8|#Level:Host|#hostname:ip-172-31-11-32,timestamp:1708554892
2024-02-21T22:34:55,203 - WorkerLoadTime.Milliseconds:3255.0|#WorkerName:W-9000-densenet161_1.0,Level:Host|#hostname:ip-172-31-11-32,timestamp:1708554895
2024-02-21T22:34:55,204 - WorkerThreadTime.Milliseconds:4.0|#Level:Host|#hostname:ip-172-31-11-32,timestamp:1708554895
2024-02-21T22:35:13,765 - CPUUtilization.Percent:100.0|#Level:Host|#hostname:ip-172-31-11-32,timestamp:1708554913
2024-02-21T22:35:13,766 - DiskAvailable.Gigabytes:343.5321960449219|#Level:Host|#hostname:ip-172-31-11-32,timestamp:1708554913
2024-02-21T22:35:13,767 - DiskUsage.Gigabytes:44.139591217041016|#Level:Host|#hostname:ip-172-31-11-32,timestamp:1708554913
2024-02-21T22:35:13,768 - DiskUtilization.Percent:11.4|#Level:Host|#hostname:ip-172-31-11-32,timestamp:1708554913
2024-02-21T22:35:13,768 - GPUMemoryUtilization.Percent:0.0|#Level:Host,DeviceId:0|#hostname:ip-172-31-11-32,timestamp:1708554913
2024-02-21T22:35:13,769 - GPUMemoryUsed.Megabytes:0.0|#Level:Host,DeviceId:0|#hostname:ip-172-31-11-32,timestamp:1708554913
2024-02-21T22:35:13,769 - GPUUtilization.Percent:0.0|#Level:Host,DeviceId:0|#hostname:ip-172-31-11-32,timestamp:1708554913
2024-02-21T22:35:13,770 - MemoryAvailable.Megabytes:13359.02734375|#Level:Host|#hostname:ip-172-31-11-32,timestamp:1708554913
2024-02-21T22:35:13,771 - MemoryUsed.Megabytes:2007.0546875|#Level:Host|#hostname:ip-172-31-11-32,timestamp:1708554913
2024-02-21T22:35:13,772 - MemoryUtilization.Percent:14.9|#Level:Host|#hostname:ip-172-31-11-32,timestamp:1708554913
2024-02-21T22:35:16,075 - WorkerLoadTime.Milliseconds:3435.0|#WorkerName:W-9000-densenet161_1.0,Level:Host|#hostname:ip-172-31-11-32,timestamp:1708554916
2024-02-21T22:35:16,075 - WorkerThreadTime.Milliseconds:5.0|#Level:Host|#hostname:ip-172-31-11-32,timestamp:1708554916
2024-02-21T22:35:34,773 - Requests2XX.Count:1.0|#Level:Host|#hostname:ip-172-31-11-32,timestamp:1708554934
2024-02-21T22:35:54,435 - CPUUtilization.Percent:66.7|#Level:Host|#hostname:ip-172-31-11-32,timestamp:1708554954
2024-02-21T22:35:54,437 - DiskAvailable.Gigabytes:343.53216552734375|#Level:Host|#hostname:ip-172-31-11-32,timestamp:1708554954
2024-02-21T22:35:54,438 - DiskUsage.Gigabytes:44.13962173461914|#Level:Host|#hostname:ip-172-31-11-32,timestamp:1708554954
2024-02-21T22:35:54,438 - DiskUtilization.Percent:11.4|#Level:Host|#hostname:ip-172-31-11-32,timestamp:1708554954
2024-02-21T22:35:54,440 - GPUMemoryUtilization.Percent:0.0|#Level:Host,DeviceId:0|#hostname:ip-172-31-11-32,timestamp:1708554954
2024-02-21T22:35:54,441 - GPUMemoryUsed.Megabytes:0.0|#Level:Host,DeviceId:0|#hostname:ip-172-31-11-32,timestamp:1708554954
2024-02-21T22:35:54,442 - GPUUtilization.Percent:0.0|#Level:Host,DeviceId:0|#hostname:ip-172-31-11-32,timestamp:1708554954
2024-02-21T22:35:54,442 - MemoryAvailable.Megabytes:13387.25|#Level:Host|#hostname:ip-172-31-11-32,timestamp:1708554954
2024-02-21T22:35:54,442 - MemoryUsed.Megabytes:1978.91015625|#Level:Host|#hostname:ip-172-31-11-32,timestamp:1708554954
2024-02-21T22:35:54,443 - MemoryUtilization.Percent:14.7|#Level:Host|#hostname:ip-172-31-11-32,timestamp:1708554954
2024-02-21T22:35:56,732 - WorkerLoadTime.Milliseconds:3232.0|#WorkerName:W-9000-densenet161_1.0,Level:Host|#hostname:ip-172-31-11-32,timestamp:1708554956
2024-02-21T22:35:56,733 - WorkerThreadTime.Milliseconds:5.0|#Level:Host|#hostname:ip-172-31-11-32,timestamp:1708554956
